-------------------------------------------------------------------------------
Test set: com.kabhijeet.dev.productservice.ProductServiceApplicationTests
-------------------------------------------------------------------------------
Tests run: 1, Failures: 0, Errors: 1, Skipped: 0, Time elapsed: 1.073 s <<< FAILURE! - in com.kabhijeet.dev.productservice.ProductServiceApplicationTests
com.kabhijeet.dev.productservice.ProductServiceApplicationTests  Time elapsed: 1.072 s  <<< ERROR!
java.nio.file.InvalidPathException: Illegal char <"> at index 0: "C:\Program Files\Java\jdk1.8.0_111\bin

