<?xml version="1.0" encoding="UTF-8"?>
<testsuite xmlns:xsi="http://www.w3.org/2001/XMLSchema-instance" xsi:noNamespaceSchemaLocation="https://maven.apache.org/surefire/maven-surefire-plugin/xsd/surefire-test-report.xsd" name="com.kabhijeet.dev.productservice.ProductServiceApplicationTests" time="1.073" tests="1" errors="1" skipped="0" failures="0">
  <properties>
[...]
</properties>
  <testcase name="com.kabhijeet.dev.productservice.ProductServiceApplicationTests" classname="com.kabhijeet.dev.productservice.ProductServiceApplicationTests" time="1.072">
    <error message="Illegal char &lt;&quot;&gt; at index 0: &quot;C:\Program Files\Java\jdk1.8.0_111\bin" type="java.nio.file.InvalidPathException"><![CDATA[java.nio.file.InvalidPathException: Illegal char <"> at index 0: "C:\Program Files\Java\jdk1.8.0_111\bin
]]></error>
    <system-out><![CDATA[16:46:35.666 [main] DEBUG org.springframework.boot.test.context.SpringBootTestContextBootstrapper -- Neither @ContextConfiguration nor @ContextHierarchy found for test class [ProductServiceApplicationTests]: using SpringBootContextLoader
16:46:35.670 [main] DEBUG org.springframework.test.context.support.AbstractContextLoader -- Could not detect default resource locations for test class [com.kabhijeet.dev.productservice.ProductServiceApplicationTests]: no resource found for suffixes {-context.xml, Context.groovy}.
16:46:35.671 [main] INFO org.springframework.test.context.support.AnnotationConfigContextLoaderUtils -- Could not detect default configuration classes for test class [com.kabhijeet.dev.productservice.ProductServiceApplicationTests]: ProductServiceApplicationTests does not declare any static, non-private, non-final, nested classes annotated with @Configuration.
16:46:35.725 [main] DEBUG org.springframework.boot.test.context.SpringBootTestContextBootstrapper -- Using ContextCustomizers for test class [ProductServiceApplicationTests]: [ImportsContextCustomizer, ExcludeFilterContextCustomizer, DuplicateJsonObjectContextCustomizer, MockitoContextCustomizer, TestRestTemplateContextCustomizer, DisableObservabilityContextCustomizer, PropertyMappingContextCustomizer, Customizer, DynamicPropertiesContextCustomizer]
16:46:35.815 [main] DEBUG org.springframework.context.annotation.ClassPathScanningCandidateComponentProvider -- Identified candidate component class: file [E:\Personal Projects\Spring_boot_projects\Shopping_app_sb_microserv_main\shopping_app_microservices\product-service\target\classes\com\kabhijeet\dev\productservice\ProductServiceApplication.class]
16:46:35.816 [main] INFO org.springframework.boot.test.context.SpringBootTestContextBootstrapper -- Found @SpringBootConfiguration com.kabhijeet.dev.productservice.ProductServiceApplication for test class com.kabhijeet.dev.productservice.ProductServiceApplicationTests
16:46:35.994 [main] DEBUG org.springframework.boot.test.context.SpringBootTestContextBootstrapper -- Using TestExecutionListeners for test class [ProductServiceApplicationTests]: [ServletTestExecutionListener, DirtiesContextBeforeModesTestExecutionListener, ApplicationEventsTestExecutionListener, MockitoTestExecutionListener, DependencyInjectionTestExecutionListener, DirtiesContextTestExecutionListener, TransactionalTestExecutionListener, SqlScriptsTestExecutionListener, EventPublishingTestExecutionListener, ResetMocksTestExecutionListener, RestDocsTestExecutionListener, MockRestServiceServerResetTestExecutionListener, MockMvcPrintOnlyOnFailureTestExecutionListener, WebDriverTestExecutionListener, MockWebServiceServerTestExecutionListener]
16:46:35.997 [main] DEBUG org.springframework.test.context.support.AbstractDirtiesContextTestExecutionListener -- Before test class: class [ProductServiceApplicationTests], class annotated with @DirtiesContext [false] with mode [null]
16:46:36.197 [main] DEBUG org.testcontainers.utility.TestcontainersConfiguration -- Testcontainers configuration overrides will be loaded from file:/C:/Users/Abhijeet/.testcontainers.properties
16:46:36.215 [main] WARN org.testcontainers.utility.TestcontainersConfiguration -- Attempted to read Testcontainers configuration file at file:/C:/Users/Abhijeet/.testcontainers.properties but the file was not found. Exception message: FileNotFoundException: C:\Users\Abhijeet\.testcontainers.properties (The system cannot find the file specified)
16:46:36.221 [main] INFO org.testcontainers.utility.ImageNameSubstitutor -- Image name substitution will be performed by: DefaultImageNameSubstitutor (composite of 'ConfigurationFileImageNameSubstitutor' and 'PrefixingImageNameSubstitutor')
16:46:36.523 [main] DEBUG org.testcontainers.dockerclient.DockerClientProviderStrategy -- Trying out strategy: NpipeSocketClientProviderStrategy
16:46:36.524 [main] DEBUG org.testcontainers.dockerclient.DockerClientProviderStrategy -- DOCKER_HOST socket file '//./pipe/docker_engine' does not exist
16:46:36.524 [main] DEBUG org.testcontainers.dockerclient.DockerClientProviderStrategy -- strategy NpipeSocketClientProviderStrategy did not pass the test
16:46:36.533 [main] DEBUG org.springframework.test.context.support.AbstractDirtiesContextTestExecutionListener -- After test class: class [ProductServiceApplicationTests], class annotated with @DirtiesContext [false] with mode [null]
]]></system-out>
  </testcase>
</testsuite>